[01:18:51] [main/INFO]: Loading Minecraft 1.21.1 with Fabric Loader 0.16.3
[01:18:51] [main/INFO]: Loading 46 mods:
	- fabric-api 0.115.1+1.21.1
	   |-- fabric-api-base 0.4.42+6573ed8c19
	   |-- fabric-api-lookup-api-v1 1.6.70+b559734419
	   |-- fabric-biome-api-v1 13.0.31+d527f9fd19
	   |-- fabric-block-api-v1 1.0.22+0af3f5a719
	   |-- fabric-block-view-api-v2 1.0.10+6573ed8c19
	   |-- fabric-blockrenderlayer-v1 1.1.52+0af3f5a719
	   |-- fabric-client-tags-api-v1 1.1.15+6573ed8c19
	   |-- fabric-command-api-v1 1.2.49+f71b366f19
	   |-- fabric-command-api-v2 2.2.28+6ced4dd919
	   |-- fabric-commands-v0 0.2.66+df3654b319
	   |-- fabric-content-registries-v0 8.0.18+b559734419
	   |-- fabric-convention-tags-v1 2.1.3+7f945d5b19
	   |-- fabric-convention-tags-v2 2.10.0+9465b64419
	   |-- fabric-crash-report-info-v1 0.2.29+0af3f5a719
	   |-- fabric-data-attachment-api-v1 1.4.1+9ed317f519
	   |-- fabric-data-generation-api-v1 20.2.26+16c4ae2519
	   |-- fabric-dimensions-v1 4.0.0+6fc22b9919
	   |-- fabric-entity-events-v1 1.7.0+2122d82819
	   |-- fabric-events-interaction-v0 0.7.13+ba9dae0619
	   |-- fabric-game-rule-api-v1 1.0.53+6ced4dd919
	   |-- fabric-item-api-v1 11.1.1+d5debaed19
	   |-- fabric-item-group-api-v1 4.1.6+6823f7cd19
	   |-- fabric-key-binding-api-v1 1.0.47+0af3f5a719
	   |-- fabric-keybindings-v0 0.2.45+df3654b319
	   |-- fabric-lifecycle-events-v1 2.5.0+01d9a51c19
	   |-- fabric-loot-api-v2 3.0.15+3f89f5a519
	   |-- fabric-loot-api-v3 1.0.3+3f89f5a519
	   |-- fabric-message-api-v1 6.0.13+6573ed8c19
	   |-- fabric-model-loading-api-v1 2.0.0+fe474d6b19
	   |-- fabric-networking-api-v1 4.3.0+c7469b2119
	   |-- fabric-object-builder-api-v1 15.2.1+40875a9319
	   |-- fabric-particles-v1 4.0.2+6573ed8c19
	   |-- fabric-recipe-api-v1 5.0.14+248df81c19
	   |-- fabric-registry-sync-v0 5.2.0+34f5d91419
	   |-- fabric-renderer-api-v1 3.4.0+c705a49c19
	   |-- fabric-renderer-indigo 1.7.0+c705a49c19
	   |-- fabric-renderer-registries-v1 3.2.68+df3654b319
	   |-- fabric-rendering-data-attachment-v1 0.3.48+73761d2e19
	   |-- fabric-rendering-fluids-v1 3.1.6+1daea21519
	   |-- fabric-rendering-v0 1.1.71+df3654b319
	   |-- fabric-rendering-v1 5.0.5+df16efd019
	   |-- fabric-resource-conditions-api-v1 4.3.0+8dc279b119
	   |-- fabric-resource-loader-v0 1.3.1+5b5275af19
	   |-- fabric-screen-api-v1 2.0.25+8b68f1c719
	   |-- fabric-screen-handler-api-v1 1.3.88+b559734419
	   |-- fabric-sound-api-v1 1.0.23+6573ed8c19
	   |-- fabric-transfer-api-v1 5.4.2+c24bd99419
	   \-- fabric-transitive-access-wideners-v1 6.2.0+45b9699719
	- fabricloader 0.16.3
	   \-- mixinextras 0.4.1
	- java 21
	- journeymap 1.21.1-6.0.0-beta.40
	   |-- ar_com_hjg_pngj 2.1.0
	   |-- commonnetworking 1.0.18-1.21.1
	   \-- journeymap-api-fabric 2.0.0-1.21.1-SNAPSHOT
	- minecraft 1.21.1
	- offlineskins 1.21.1-v1a-fabric
[01:18:51] [main/INFO]: SpongePowered MIXIN Subsystem Version=0.8.7 Source=file:/workspaces/Go-mc/servidor_minecraft/libraries/net/fabricmc/sponge-mixin/0.15.2+mixin.0.8.7/sponge-mixin-0.15.2+mixin.0.8.7.jar Service=Knot/Fabric Env=SERVER
[01:18:52] [main/INFO]: Compatibility level set to JAVA_17
[01:18:52] [main/WARN]: Reference map 'journeymap-refmap.json' for journeymap.mixins.json could not be read. If this is a development environment you can ignore this message
[01:18:52] [main/WARN]: Reference map 'journeymap-refmap.json' for journeymap.fabric.mixins.json could not be read. If this is a development environment you can ignore this message
[01:18:52] [main/INFO]: Initializing MixinExtras via com.llamalad7.mixinextras.service.MixinExtrasServiceImpl(version=0.4.1).
[01:19:04] [main/INFO]: Initializing ServerSide Packet Registries
[01:19:04] [main/INFO]: Environment: Environment[sessionHost=https://sessionserver.mojang.com, servicesHost=https://api.minecraftservices.com, name=PROD]
[01:19:07] [main/INFO]: Loaded 1290 recipes
[01:19:08] [main/INFO]: Loaded 1399 advancements
[01:19:08] [main/INFO]: Applied 0 biome modifications to 0 of 64 new biomes in 3.111 ms
[01:19:08] [Server thread/INFO]: Starting minecraft server version 1.21.1
[01:19:08] [Server thread/INFO]: Loading properties
[01:19:08] [Server thread/INFO]: Default game type: SURVIVAL
[01:19:08] [Server thread/INFO]: Generating keypair
[01:19:08] [Server thread/INFO]: Starting Minecraft server on *:25565
[01:19:09] [Server thread/INFO]: Using epoll channel type
[01:19:09] [Server thread/WARN]: **** SERVER IS RUNNING IN OFFLINE/INSECURE MODE!
[01:19:09] [Server thread/WARN]: The server will make no attempt to authenticate usernames. Beware.
[01:19:09] [Server thread/WARN]: While this makes the game possible to play without internet access, it also opens up the ability for hackers to connect with any username they choose.
[01:19:09] [Server thread/WARN]: To change this, set "online-mode" to "true" in the server.properties file.
[01:19:09] [Server thread/INFO]: Preparing level "world"
[01:19:17] [Server thread/INFO]: Preparing start region for dimension minecraft:overworld
[01:19:18] [Worker-Main-1/INFO]: Preparing spawn area: 0%
[01:19:18] [Worker-Main-1/INFO]: Preparing spawn area: 0%
[01:19:18] [Server thread/INFO]: Time elapsed: 803 ms
[01:19:18] [Server thread/INFO]: Done (9.023s)! For help, type "help"
[01:19:18] [Server thread/INFO]: Loaded null for service interface journeymap.api.services.WebMapService
[01:19:18] [Server thread/INFO]: Loaded journeymap.common.helpers.FabricClientHooks@4d7399aa for service interface journeymap.api.services.ClientPlatformService
[01:19:18] [Server thread/INFO]: Loaded journeymap.common.helpers.FabricHooks@3064a63c for service interface journeymap.api.services.CommonPlatformService
[01:19:27] [Server thread/INFO]: Aaronxas[/127.2.46.249:50181] logged in with entity id 26 at (-168.04486590554427, 52.0, -141.9824384538719)
[01:19:27] [Server thread/INFO]: Aaronxas joined the game
[01:23:01] [Server thread/INFO]: com.mojang.authlib.GameProfile@19b14ab[id=89c1b002-59fb-30bf-b2e4-7e4bf951ba2c,name=XxBryankunxX,properties={}] lost connection: Disconnected
[01:23:06] [Server thread/INFO]: XxBryankunxX[/127.83.18.170:54441] logged in with entity id 808 at (-28.300413852902125, 63.0, -3.498536585771482)
[01:23:06] [Server thread/INFO]: XxBryankunxX joined the game
[01:23:17] [Server thread/INFO]: Aaronxas has made the advancement [Acquire Hardware]
[01:23:24] [Server thread/INFO]: Aaronxas has made the advancement [Isn't It Iron Pick]
[01:25:15] [Server thread/INFO]: XxBryankunxX has made the advancement [Stone Age]
[01:25:22] [Server thread/INFO]: XxBryankunxX has made the advancement [Getting an Upgrade]
[01:26:24] [Server thread/INFO]: Made XxBryankunxX a server operator
[01:26:28] [Server thread/INFO]: Aaronxas has made the advancement [Monster Hunter]
[01:26:34] [Server thread/INFO]: [XxBryankunxX: Gamerule keepInventory is now set to: true]
[01:26:51] [Server thread/INFO]: XxBryankunxX has made the advancement [Sweet Dreams]
[01:27:27] [Server thread/INFO]: XxBryankunxX was slain by Zombie
[01:27:34] [Server thread/INFO]: XxBryankunxX has made the advancement [Acquire Hardware]
[01:28:09] [Server thread/INFO]: XxBryankunxX has made the advancement [Monster Hunter]
[01:28:19] [Server thread/INFO]: XxBryankunxX has made the advancement [Not Today, Thank You]
[01:28:49] [Server thread/INFO]: XxBryankunxX has made the advancement [Isn't It Iron Pick]
[01:28:52] [Server thread/INFO]: Aaronxas has made the advancement [Suit Up]
[01:30:45] [Server thread/INFO]: XxBryankunxX has made the advancement [Suit Up]
[01:33:20] [Server thread/INFO]: XxBryankunxX has made the advancement [Diamonds!]
[01:36:31] [Server thread/INFO]: XxBryankunxX was slain by Zombie
[01:36:38] [Server thread/INFO]: XxBryankunxX teleported to -195.5 14.0 -152.5 minecraft:overworld
[01:36:43] [Server thread/INFO]: XxBryankunxX teleported to -248.5 -47.0 -148.5 minecraft:overworld
[01:37:00] [Server thread/INFO]: XxBryankunxX lost connection: Disconnected
[01:37:00] [Server thread/INFO]: XxBryankunxX left the game
[01:37:08] [Server thread/INFO]: Aaronxas lost connection: Disconnected
[01:37:08] [Server thread/INFO]: Aaronxas left the game
[01:39:22] [Server thread/INFO]: XxBryankunxX[/127.83.18.170:33711] logged in with entity id 3706 at (-231.30544647371136, -33.0, -165.34777261570528)
[01:39:22] [Server thread/INFO]: XxBryankunxX joined the game
[01:45:37] [Server thread/INFO]: Aaronxas[/127.2.46.249:55673] logged in with entity id 5240 at (-226.30000001192093, -11.0, -182.30000001192093)
[01:45:37] [Server thread/INFO]: Aaronxas joined the game
[01:45:50] [Server thread/INFO]: [XxBryankunxX: Teleported Aaronxas to XxBryankunxX]
[01:46:03] [Server thread/INFO]: XxBryankunxX was blown up by Creeper
[01:46:12] [Server thread/INFO]: XxBryankunxX teleported to -200.5 -16.0 80.5 minecraft:overworld
[01:48:59] [Server thread/INFO]: XxBryankunxX hit the ground too hard
[01:49:09] [Server thread/INFO]: Aaronxas has made the advancement [Diamonds!]
[01:51:27] [Server thread/INFO]: XxBryankunxX fell from a high place
[01:51:33] [Server thread/INFO]: XxBryankunxX teleported to -332.5 -31.0 130.5 minecraft:overworld
[01:51:52] [Server thread/INFO]: XxBryankunxX lost connection: Disconnected
[01:51:52] [Server thread/INFO]: XxBryankunxX left the game
[01:55:50] [Server thread/INFO]: Aaronxas burned to death
[01:59:29] [Server thread/INFO]: XxBryankunxX[/127.83.18.170:47023] logged in with entity id 9336 at (-332.5, -32.0, 130.5)
[01:59:29] [Server thread/INFO]: XxBryankunxX joined the game
[02:01:15] [Server thread/INFO]: [XxBryankunxX: Teleported XxBryankunxX to Aaronxas]
[02:04:45] [Server thread/INFO]: XxBryankunxX was doomed to fall by Zombie
[02:05:56] [Server thread/INFO]: [XxBryankunxX: Teleported Aaronxas to XxBryankunxX]
[02:14:01] [Server thread/INFO]: XxBryankunxX has made the advancement [Tactical Fishing]
[02:16:31] [Server thread/INFO]: Aaronxas has made the advancement [Best Friends Forever]
[02:19:46] [Server thread/INFO]: [XxBryankunxX: Teleported XxBryankunxX to Aaronxas]
[02:36:13] [Server thread/WARN]: Mismatch in destroy block pos: class_2338{x=-1111, y=72, z=-1640} class_2338{x=-1111, y=70, z=-1641}
[02:38:28] [Server thread/INFO]: XxBryankunxX has made the advancement [Fishy Business]
[02:41:57] [Server thread/INFO]: [Not Secure] <Aaronxas> j
[02:42:34] [Server thread/INFO]: XxBryankunxX was slain by Zombie
[02:44:28] [Server thread/INFO]: XxBryankunxX was slain by Zombie
[02:46:11] [Server thread/INFO]: [XxBryankunxX: Teleported XxBryankunxX to Aaronxas]
[02:47:51] [Server thread/INFO]: XxBryankunxX was slain by Wolf
[02:47:59] [Server thread/INFO]: [XxBryankunxX: Teleported XxBryankunxX to Aaronxas]
[02:49:35] [Server thread/WARN]: XxBryankunxX moved too quickly! 4.194006958871796,-8.162373344976572,5.733267187839374
[02:54:54] [Server thread/INFO]: Aaronxas fell from a high place
[02:58:53] [Server thread/INFO]: XxBryankunxX has made the advancement [Light as a Rabbit]
[03:00:46] [Server thread/INFO]: [XxBryankunxX: Teleported Aaronxas to XxBryankunxX]
[03:01:42] [Server thread/INFO]: Aaronxas lost connection: Disconnected
[03:01:42] [Server thread/INFO]: Aaronxas left the game
[03:01:48] [Server thread/INFO]: XxBryankunxX lost connection: Disconnected
[03:01:48] [Server thread/INFO]: XxBryankunxX left the game
[03:01:55] [Server thread/INFO]: Stopping the server
[03:01:55] [Server thread/INFO]: Stopping server
[03:01:55] [Server thread/INFO]: Saving players
[03:01:55] [Server thread/INFO]: Saving worlds
[03:01:55] [Server thread/INFO]: Saving chunks for level 'ServerLevel[world]'/minecraft:overworld
[03:01:55] [Server thread/INFO]: Saving chunks for level 'ServerLevel[world]'/minecraft:the_nether
[03:01:55] [Server thread/INFO]: Saving chunks for level 'ServerLevel[world]'/minecraft:the_end
[03:01:55] [Server thread/INFO]: ThreadedAnvilChunkStorage (world): All chunks are saved
[03:01:55] [Server thread/INFO]: ThreadedAnvilChunkStorage (DIM-1): All chunks are saved
[03:01:55] [Server thread/INFO]: ThreadedAnvilChunkStorage (DIM1): All chunks are saved
[03:01:55] [Server thread/INFO]: ThreadedAnvilChunkStorage: All dimensions are saved
